<?xml version="1.0" encoding="UTF-8"?>
<!-- Generated by org.testng.reporters.JUnitReportReporter -->
<testsuite skipped="0" hostname="LAPTOP-9Q51JOOG" name="MavenParactice.GitDemo.GitDemo1" tests="1" failures="0" timestamp="05 Mar 2019 07:25:43 GMT" time="0.006" errors="0">
  <testcase name="testGit" time="0.006" classname="MavenParactice.GitDemo.GitDemo1"/>
</testsuite> <!-- MavenParactice.GitDemo.GitDemo1 -->
